[1720089367.279][INFO]: Starting ChromeDriver 126.0.6478.126 (d36ace6122e0a59570e258d82441395206d60e1c-refs/branch-heads/6478@{#1591}) on port 12221
[1720089367.279][INFO]: Please see https://chromedriver.chromium.org/security-considerations for suggestions on keeping ChromeDriver safe.
[1720089367.642][INFO]: [f2c36403422b0f8614a239375320f96c] COMMAND InitSession {
   "capabilities": {
      "firstMatch": [ {
         "browserName": "chrome",
         "goog:chromeOptions": {
            "args": [  ],
            "debuggerAddress": "127.0.0.1:9222",
            "extensions": [  ]
         },
         "goog:loggingPrefs": {
            "browser": "INFO",
            "driver": "ALL"
         }
      } ]
   }
}
[1720089367.659][INFO]: [f2c36403422b0f8614a239375320f96c] RESPONSE InitSession {
   "capabilities": {
      "acceptInsecureCerts": false,
      "browserName": "chrome",
      "browserVersion": "126.0.6478.127",
      "chrome": {
         "chromedriverVersion": "126.0.6478.126 (d36ace6122e0a59570e258d82441395206d60e1c-refs/branch-heads/6478@{#1591})"
      },
      "fedcm:accounts": true,
      "goog:chromeOptions": {
         "debuggerAddress": "127.0.0.1:9222"
      },
      "pageLoadStrategy": "normal",
      "platformName": "",
      "proxy": {
      },
      "setWindowRect": false,
      "strictFileInteractability": false,
      "timeouts": {
         "implicit": 0,
         "pageLoad": 300000,
         "script": 30000
      },
      "unhandledPromptBehavior": "dismiss and notify",
      "webauthn:extension:credBlob": true,
      "webauthn:extension:largeBlob": true,
      "webauthn:extension:minPinLength": true,
      "webauthn:extension:prf": true,
      "webauthn:virtualAuthenticators": true
   },
   "sessionId": "f2c36403422b0f8614a239375320f96c"
}
[1720089367.892][INFO]: [f2c36403422b0f8614a239375320f96c] COMMAND MaximizeWindow {
}
[1720089367.892][INFO]: Waiting for pending navigations...
[1720089367.896][INFO]: Done waiting for pending navigations. Status: ok
[1720089367.897][INFO]: Waiting for pending navigations...
[1720089367.898][INFO]: Done waiting for pending navigations. Status: ok
[1720089367.898][INFO]: [f2c36403422b0f8614a239375320f96c] RESPONSE MaximizeWindow {
   "height": 972,
   "width": 1920,
   "x": 0,
   "y": 25
}
[1720089367.907][INFO]: [f2c36403422b0f8614a239375320f96c] COMMAND Navigate {
   "url": "https://calendar.google.com/"
}
[1720089367.907][INFO]: Waiting for pending navigations...
[1720089367.908][INFO]: Done waiting for pending navigations. Status: ok
[1720089369.259][INFO]: Waiting for pending navigations...
[1720089370.591][INFO]: Done waiting for pending navigations. Status: ok
[1720089370.591][INFO]: [f2c36403422b0f8614a239375320f96c] RESPONSE Navigate
[1720089370.599][INFO]: [f2c36403422b0f8614a239375320f96c] COMMAND GetUrl {
}
[1720089370.599][INFO]: Waiting for pending navigations...
[1720089370.601][INFO]: Done waiting for pending navigations. Status: ok
[1720089370.606][INFO]: Waiting for pending navigations...
[1720089370.607][INFO]: Done waiting for pending navigations. Status: ok
[1720089370.607][INFO]: [f2c36403422b0f8614a239375320f96c] RESPONSE GetUrl "https://accounts.google.com/v3/signin/identifier?continue=https%3A%2F%2Fcalendar.google.com%2Fcalendar%2Fu%2F0%2Fr&emr=1&followup=https%3A%2F%2Fcalendar.google.com%2Fcalendar%2Fu%2F0%2Fr&ifkv=AS5LT..."
[1720089370.614][INFO]: [f2c36403422b0f8614a239375320f96c] COMMAND Navigate {
   "url": "https://calendar.google.com/"
}
[1720089370.614][INFO]: Waiting for pending navigations...
[1720089370.615][INFO]: Done waiting for pending navigations. Status: ok
[1720089372.697][INFO]: Waiting for pending navigations...
[1720089373.920][INFO]: Done waiting for pending navigations. Status: ok
[1720089373.920][INFO]: [f2c36403422b0f8614a239375320f96c] RESPONSE Navigate
[1720089373.930][INFO]: [f2c36403422b0f8614a239375320f96c] COMMAND FindElement {
   "using": "xpath",
   "value": "//span[contains(text(),'Sign in')]"
}
[1720089373.930][INFO]: Waiting for pending navigations...
[1720089373.932][INFO]: Done waiting for pending navigations. Status: ok
[1720089373.945][INFO]: Waiting for pending navigations...
[1720089373.946][INFO]: Done waiting for pending navigations. Status: ok
[1720089373.946][INFO]: [f2c36403422b0f8614a239375320f96c] RESPONSE FindElement {
   "element-6066-11e4-a52e-4f735466cecf": "f.37AB34981FBEB49152E1B62440E9EBB6.d.5FCE6139B99C7D00B44EC681391459D8.e.78"
}
[1720089373.952][INFO]: [f2c36403422b0f8614a239375320f96c] COMMAND ClickElement {
   "id": "f.37AB34981FBEB49152E1B62440E9EBB6.d.5FCE6139B99C7D00B44EC681391459D8.e.78"
}
[1720089373.952][INFO]: Waiting for pending navigations...
[1720089373.953][INFO]: Done waiting for pending navigations. Status: ok
[1720089374.055][INFO]: Waiting for pending navigations...
[1720089374.057][INFO]: Done waiting for pending navigations. Status: ok
[1720089374.057][INFO]: [f2c36403422b0f8614a239375320f96c] RESPONSE ClickElement
[1720089384.077][INFO]: [f2c36403422b0f8614a239375320f96c] COMMAND FindElement {
   "using": "css selector",
   "value": "#identifierId"
}
[1720089384.077][INFO]: Waiting for pending navigations...
[1720089384.078][INFO]: Done waiting for pending navigations. Status: ok
[1720089384.090][INFO]: Waiting for pending navigations...
[1720089384.091][INFO]: Done waiting for pending navigations. Status: ok
[1720089384.091][INFO]: [f2c36403422b0f8614a239375320f96c] RESPONSE FindElement {
   "element-6066-11e4-a52e-4f735466cecf": "f.37AB34981FBEB49152E1B62440E9EBB6.d.5FCE6139B99C7D00B44EC681391459D8.e.66"
}
[1720089384.098][INFO]: [f2c36403422b0f8614a239375320f96c] COMMAND TypeElement {
   "id": "f.37AB34981FBEB49152E1B62440E9EBB6.d.5FCE6139B99C7D00B44EC681391459D8.e.66",
   "text": "",
   "value": [  ]
}
[1720089384.098][INFO]: Waiting for pending navigations...
[1720089384.099][INFO]: Done waiting for pending navigations. Status: ok
[1720089384.155][INFO]: Waiting for pending navigations...
[1720089384.159][INFO]: Done waiting for pending navigations. Status: ok
[1720089384.159][INFO]: [f2c36403422b0f8614a239375320f96c] RESPONSE TypeElement
[1720089384.167][INFO]: [f2c36403422b0f8614a239375320f96c] COMMAND FindElement {
   "using": "css selector",
   "value": "#identifierNext"
}
[1720089384.167][INFO]: Waiting for pending navigations...
[1720089384.168][INFO]: Done waiting for pending navigations. Status: ok
[1720089384.181][INFO]: Waiting for pending navigations...
[1720089384.182][INFO]: Done waiting for pending navigations. Status: ok
[1720089384.182][INFO]: [f2c36403422b0f8614a239375320f96c] RESPONSE FindElement {
   "element-6066-11e4-a52e-4f735466cecf": "f.37AB34981FBEB49152E1B62440E9EBB6.d.5FCE6139B99C7D00B44EC681391459D8.e.81"
}
[1720089384.187][INFO]: [f2c36403422b0f8614a239375320f96c] COMMAND ClickElement {
   "id": "f.37AB34981FBEB49152E1B62440E9EBB6.d.5FCE6139B99C7D00B44EC681391459D8.e.81"
}
[1720089384.187][INFO]: Waiting for pending navigations...
[1720089384.188][INFO]: Done waiting for pending navigations. Status: ok
[1720089384.403][INFO]: Waiting for pending navigations...
[1720089384.409][INFO]: Done waiting for pending navigations. Status: ok
[1720089384.410][INFO]: [f2c36403422b0f8614a239375320f96c] RESPONSE ClickElement
[1720089394.419][INFO]: [f2c36403422b0f8614a239375320f96c] COMMAND FindElement {
   "using": "xpath",
   "value": "//input[@name='Passwd']"
}
[1720089394.419][INFO]: Waiting for pending navigations...
[1720089394.420][INFO]: Done waiting for pending navigations. Status: ok
[1720089394.433][INFO]: Waiting for pending navigations...
[1720089394.434][INFO]: Done waiting for pending navigations. Status: ok
[1720089394.434][INFO]: [f2c36403422b0f8614a239375320f96c] RESPONSE FindElement {
   "element-6066-11e4-a52e-4f735466cecf": "f.37AB34981FBEB49152E1B62440E9EBB6.d.5FCE6139B99C7D00B44EC681391459D8.e.104"
}
[1720089394.444][INFO]: [f2c36403422b0f8614a239375320f96c] COMMAND TypeElement {
   "id": "f.37AB34981FBEB49152E1B62440E9EBB6.d.5FCE6139B99C7D00B44EC681391459D8.e.104",
   "text": "Asdfzx#007",
   "value": [ "A", "s", "d", "f", "z", "x", "#", "0", "0", "7" ]
}
[1720089394.444][INFO]: Waiting for pending navigations...
[1720089394.445][INFO]: Done waiting for pending navigations. Status: ok
[1720089394.651][INFO]: Waiting for pending navigations...
[1720089394.657][INFO]: Done waiting for pending navigations. Status: ok
[1720089394.657][INFO]: [f2c36403422b0f8614a239375320f96c] RESPONSE TypeElement
[1720089394.663][INFO]: [f2c36403422b0f8614a239375320f96c] COMMAND FindElement {
   "using": "css selector",
   "value": "#passwordNext"
}
[1720089394.663][INFO]: Waiting for pending navigations...
[1720089394.664][INFO]: Done waiting for pending navigations. Status: ok
[1720089394.674][INFO]: Waiting for pending navigations...
[1720089394.675][INFO]: Done waiting for pending navigations. Status: ok
[1720089394.675][INFO]: [f2c36403422b0f8614a239375320f96c] RESPONSE FindElement {
   "element-6066-11e4-a52e-4f735466cecf": "f.37AB34981FBEB49152E1B62440E9EBB6.d.5FCE6139B99C7D00B44EC681391459D8.e.97"
}
[1720089394.679][INFO]: [f2c36403422b0f8614a239375320f96c] COMMAND ClickElement {
   "id": "f.37AB34981FBEB49152E1B62440E9EBB6.d.5FCE6139B99C7D00B44EC681391459D8.e.97"
}
[1720089394.679][INFO]: Waiting for pending navigations...
[1720089394.680][INFO]: Done waiting for pending navigations. Status: ok
[1720089394.790][INFO]: Waiting for pending navigations...
[1720089394.792][INFO]: Done waiting for pending navigations. Status: ok
[1720089394.792][INFO]: [f2c36403422b0f8614a239375320f96c] RESPONSE ClickElement
[1720089399.802][INFO]: [f2c36403422b0f8614a239375320f96c] COMMAND FindElement {
   "using": "css selector",
   "value": ".XyKLOd"
}
[1720089399.802][INFO]: Waiting for pending navigations...
[1720089402.235][INFO]: Done waiting for pending navigations. Status: ok
[1720089402.267][INFO]: Waiting for pending navigations...
[1720089402.268][INFO]: Done waiting for pending navigations. Status: ok
[1720089402.268][INFO]: [f2c36403422b0f8614a239375320f96c] RESPONSE FindElement {
   "element-6066-11e4-a52e-4f735466cecf": "f.37AB34981FBEB49152E1B62440E9EBB6.d.4466323C83CFE60846FC2D979E579882.e.31"
}
[1720089402.281][INFO]: [f2c36403422b0f8614a239375320f96c] COMMAND ClickElement {
   "id": "f.37AB34981FBEB49152E1B62440E9EBB6.d.4466323C83CFE60846FC2D979E579882.e.31"
}
[1720089402.281][INFO]: Waiting for pending navigations...
[1720089402.282][INFO]: Done waiting for pending navigations. Status: ok
[1720089402.730][INFO]: Waiting for pending navigations...
[1720089402.739][INFO]: Done waiting for pending navigations. Status: ok
[1720089402.739][INFO]: [f2c36403422b0f8614a239375320f96c] RESPONSE ClickElement
[1720089402.753][INFO]: [f2c36403422b0f8614a239375320f96c] COMMAND FindElement {
   "using": "xpath",
   "value": "//span[contains(text(),'Month')]"
}
[1720089402.753][INFO]: Waiting for pending navigations...
[1720089402.756][INFO]: Done waiting for pending navigations. Status: ok
[1720089402.779][INFO]: Waiting for pending navigations...
[1720089402.783][INFO]: Done waiting for pending navigations. Status: ok
[1720089402.784][INFO]: [f2c36403422b0f8614a239375320f96c] RESPONSE FindElement {
   "element-6066-11e4-a52e-4f735466cecf": "f.37AB34981FBEB49152E1B62440E9EBB6.d.4466323C83CFE60846FC2D979E579882.e.33"
}
[1720089402.790][INFO]: [f2c36403422b0f8614a239375320f96c] COMMAND ClickElement {
   "id": "f.37AB34981FBEB49152E1B62440E9EBB6.d.4466323C83CFE60846FC2D979E579882.e.33"
}
[1720089402.790][INFO]: Waiting for pending navigations...
[1720089402.793][INFO]: Done waiting for pending navigations. Status: ok
[1720089403.043][INFO]: Waiting for pending navigations...
[1720089403.050][INFO]: Done waiting for pending navigations. Status: ok
[1720089403.050][INFO]: [f2c36403422b0f8614a239375320f96c] RESPONSE ClickElement
[1720089403.055][INFO]: [f2c36403422b0f8614a239375320f96c] COMMAND FindElement {
   "using": "xpath",
   "value": "(//span[@class='VfPpkd-vQzf8d'])[5]"
}
[1720089403.055][INFO]: Waiting for pending navigations...
[1720089403.056][INFO]: Done waiting for pending navigations. Status: ok
[1720089403.074][INFO]: Waiting for pending navigations...
[1720089403.075][INFO]: Done waiting for pending navigations. Status: ok
[1720089403.075][INFO]: [f2c36403422b0f8614a239375320f96c] RESPONSE FindElement {
   "element-6066-11e4-a52e-4f735466cecf": "f.37AB34981FBEB49152E1B62440E9EBB6.d.4466323C83CFE60846FC2D979E579882.e.33"
}
[1720089403.081][INFO]: [f2c36403422b0f8614a239375320f96c] COMMAND GetElementText {
   "id": "f.37AB34981FBEB49152E1B62440E9EBB6.d.4466323C83CFE60846FC2D979E579882.e.33"
}
[1720089403.082][INFO]: Waiting for pending navigations...
[1720089403.084][INFO]: Done waiting for pending navigations. Status: ok
[1720089403.102][INFO]: Waiting for pending navigations...
[1720089403.103][INFO]: Done waiting for pending navigations. Status: ok
[1720089403.103][INFO]: [f2c36403422b0f8614a239375320f96c] RESPONSE GetElementText "Month"
[1720089403.107][INFO]: [f2c36403422b0f8614a239375320f96c] COMMAND FindElement {
   "using": "css selector",
   "value": ".mr0WL"
}
[1720089403.108][INFO]: Waiting for pending navigations...
[1720089403.109][INFO]: Done waiting for pending navigations. Status: ok
[1720089403.123][INFO]: Waiting for pending navigations...
[1720089403.125][INFO]: Done waiting for pending navigations. Status: ok
[1720089403.125][INFO]: [f2c36403422b0f8614a239375320f96c] RESPONSE FindElement {
   "element-6066-11e4-a52e-4f735466cecf": "f.37AB34981FBEB49152E1B62440E9EBB6.d.4466323C83CFE60846FC2D979E579882.e.34"
}
[1720089403.131][INFO]: [f2c36403422b0f8614a239375320f96c] COMMAND ClickElement {
   "id": "f.37AB34981FBEB49152E1B62440E9EBB6.d.4466323C83CFE60846FC2D979E579882.e.34"
}
[1720089403.131][INFO]: Waiting for pending navigations...
[1720089403.134][INFO]: Done waiting for pending navigations. Status: ok
[1720089403.202][INFO]: Waiting for pending navigations...
[1720089403.253][INFO]: Done waiting for pending navigations. Status: ok
[1720089403.253][INFO]: [f2c36403422b0f8614a239375320f96c] RESPONSE ClickElement
[1720089405.263][INFO]: [f2c36403422b0f8614a239375320f96c] COMMAND FindElement {
   "using": "xpath",
   "value": "(//div[@class='uyYuVb oJeWuf'])[2]"
}
[1720089405.263][INFO]: Waiting for pending navigations...
[1720089405.265][INFO]: Done waiting for pending navigations. Status: ok
[1720089405.282][INFO]: Waiting for pending navigations...
[1720089405.283][INFO]: Done waiting for pending navigations. Status: ok
[1720089405.283][INFO]: [f2c36403422b0f8614a239375320f96c] RESPONSE FindElement {
   "element-6066-11e4-a52e-4f735466cecf": "f.37AB34981FBEB49152E1B62440E9EBB6.d.4466323C83CFE60846FC2D979E579882.e.41"
}
[1720089410.292][INFO]: [f2c36403422b0f8614a239375320f96c] COMMAND ClickElement {
   "id": "f.37AB34981FBEB49152E1B62440E9EBB6.d.4466323C83CFE60846FC2D979E579882.e.41"
}
[1720089410.292][INFO]: Waiting for pending navigations...
[1720089410.293][INFO]: Done waiting for pending navigations. Status: ok
[1720089410.352][INFO]: Waiting for pending navigations...
[1720089410.353][INFO]: Done waiting for pending navigations. Status: ok
[1720089410.353][INFO]: [f2c36403422b0f8614a239375320f96c] RESPONSE ClickElement
[1720089415.363][INFO]: [f2c36403422b0f8614a239375320f96c] COMMAND FindElement {
   "using": "xpath",
   "value": "//input[@placeholder='Add title']"
}
[1720089415.364][INFO]: Waiting for pending navigations...
[1720089415.365][INFO]: Done waiting for pending navigations. Status: ok
[1720089415.379][INFO]: Waiting for pending navigations...
[1720089415.380][INFO]: Done waiting for pending navigations. Status: ok
[1720089415.380][INFO]: [f2c36403422b0f8614a239375320f96c] RESPONSE FindElement {
   "element-6066-11e4-a52e-4f735466cecf": "f.37AB34981FBEB49152E1B62440E9EBB6.d.4466323C83CFE60846FC2D979E579882.e.43"
}
[1720089415.384][INFO]: [f2c36403422b0f8614a239375320f96c] COMMAND TypeElement {
   "id": "f.37AB34981FBEB49152E1B62440E9EBB6.d.4466323C83CFE60846FC2D979E579882.e.43",
   "text": "Crio INTV Task Automation",
   "value": [ "C", "r", "i", "o", " ", "I", "N", "T", "V", " ", "T", "a", "s", "k", " ", "A", "u", "t", "o", "m", "a", "t", "i", "o", "n" ]
}
[1720089415.384][INFO]: Waiting for pending navigations...
[1720089415.385][INFO]: Done waiting for pending navigations. Status: ok
[1720089415.579][INFO]: Waiting for pending navigations...
[1720089415.593][INFO]: Done waiting for pending navigations. Status: ok
[1720089415.593][INFO]: [f2c36403422b0f8614a239375320f96c] RESPONSE TypeElement
[1720089415.598][INFO]: [f2c36403422b0f8614a239375320f96c] COMMAND FindElement {
   "using": "xpath",
   "value": "//textarea[@type='text']"
}
[1720089415.599][INFO]: Waiting for pending navigations...
[1720089415.599][INFO]: Done waiting for pending navigations. Status: ok
[1720089415.611][INFO]: Waiting for pending navigations...
[1720089415.612][INFO]: Done waiting for pending navigations. Status: ok
[1720089415.612][INFO]: [f2c36403422b0f8614a239375320f96c] RESPONSE FindElement {
   "element-6066-11e4-a52e-4f735466cecf": "f.37AB34981FBEB49152E1B62440E9EBB6.d.4466323C83CFE60846FC2D979E579882.e.54"
}
[1720089415.616][INFO]: [f2c36403422b0f8614a239375320f96c] COMMAND TypeElement {
   "id": "f.37AB34981FBEB49152E1B62440E9EBB6.d.4466323C83CFE60846FC2D979E579882.e.54",
   "text": "Crio INTV Calendar Task Automation",
   "value": [ "C", "r", "i", "o", " ", "I", "N", "T", "V", " ", "C", "a", "l", "e", "n", "d", "a", "r", " ", "T", "a", "s", "k", " ", "A", "u", "t", "o", "m", "a", "t", "i", "o", "n" ]
}
[1720089415.617][INFO]: Waiting for pending navigations...
[1720089415.617][INFO]: Done waiting for pending navigations. Status: ok
[1720089415.961][INFO]: Waiting for pending navigations...
[1720089416.001][INFO]: Done waiting for pending navigations. Status: ok
[1720089416.002][INFO]: [f2c36403422b0f8614a239375320f96c] RESPONSE TypeElement
[1720089416.006][INFO]: [f2c36403422b0f8614a239375320f96c] COMMAND FindElement {
   "using": "xpath",
   "value": "//button[@jsname='x8hlje']"
}
[1720089416.006][INFO]: Waiting for pending navigations...
[1720089416.006][INFO]: Done waiting for pending navigations. Status: ok
[1720089416.018][INFO]: Waiting for pending navigations...
[1720089416.019][INFO]: Done waiting for pending navigations. Status: ok
[1720089416.019][INFO]: [f2c36403422b0f8614a239375320f96c] RESPONSE FindElement {
   "element-6066-11e4-a52e-4f735466cecf": "f.37AB34981FBEB49152E1B62440E9EBB6.d.4466323C83CFE60846FC2D979E579882.e.63"
}
[1720089416.022][INFO]: [f2c36403422b0f8614a239375320f96c] COMMAND ClickElement {
   "id": "f.37AB34981FBEB49152E1B62440E9EBB6.d.4466323C83CFE60846FC2D979E579882.e.63"
}
[1720089416.022][INFO]: Waiting for pending navigations...
[1720089416.023][INFO]: Done waiting for pending navigations. Status: ok
[1720089416.171][INFO]: Waiting for pending navigations...
[1720089416.294][INFO]: Done waiting for pending navigations. Status: ok
[1720089416.294][INFO]: [f2c36403422b0f8614a239375320f96c] RESPONSE ClickElement
[1720089416.315][INFO]: [f2c36403422b0f8614a239375320f96c] COMMAND Navigate {
   "url": "https://calendar.google.com/"
}
[1720089416.315][INFO]: Waiting for pending navigations...
[1720089416.352][INFO]: Done waiting for pending navigations. Status: ok
[1720089416.447][INFO]: Waiting for pending navigations...
[1720089416.448][INFO]: Done waiting for pending navigations. Status: unexpected alert open: {Alert text : }
[1720089416.448][INFO]: [f2c36403422b0f8614a239375320f96c] RESPONSE Navigate
[1720089419.465][INFO]: [f2c36403422b0f8614a239375320f96c] COMMAND FindElement {
   "using": "xpath",
   "value": "(//div[@class='qLWd9c'])[5]"
}
[1720089419.465][INFO]: Waiting for pending navigations...
[1720089423.512][INFO]: Done waiting for pending navigations. Status: ok
[1720089423.534][INFO]: Waiting for pending navigations...
[1720089423.535][INFO]: Done waiting for pending navigations. Status: ok
[1720089423.535][INFO]: [f2c36403422b0f8614a239375320f96c] RESPONSE FindElement {
   "element-6066-11e4-a52e-4f735466cecf": "f.37AB34981FBEB49152E1B62440E9EBB6.d.A4C15D4502D373FC240B45C77992857D.e.89"
}
[1720089423.542][INFO]: [f2c36403422b0f8614a239375320f96c] COMMAND ClickElement {
   "id": "f.37AB34981FBEB49152E1B62440E9EBB6.d.A4C15D4502D373FC240B45C77992857D.e.89"
}
[1720089423.542][INFO]: Waiting for pending navigations...
[1720089423.543][INFO]: Done waiting for pending navigations. Status: ok
[1720089424.869][INFO]: Waiting for pending navigations...
[1720089424.906][INFO]: Done waiting for pending navigations. Status: ok
[1720089424.906][INFO]: [f2c36403422b0f8614a239375320f96c] RESPONSE ClickElement
[1720089427.918][INFO]: [f2c36403422b0f8614a239375320f96c] COMMAND FindElement {
   "using": "xpath",
   "value": "//div[@jsaction='JIbuQc:DyVDA']"
}
[1720089427.918][INFO]: Waiting for pending navigations...
[1720089427.920][INFO]: Done waiting for pending navigations. Status: ok
[1720089427.945][INFO]: Waiting for pending navigations...
[1720089427.946][INFO]: Done waiting for pending navigations. Status: ok
[1720089427.946][INFO]: [f2c36403422b0f8614a239375320f96c] RESPONSE FindElement {
   "element-6066-11e4-a52e-4f735466cecf": "f.37AB34981FBEB49152E1B62440E9EBB6.d.A4C15D4502D373FC240B45C77992857D.e.99"
}
[1720089427.950][INFO]: [f2c36403422b0f8614a239375320f96c] COMMAND ClickElement {
   "id": "f.37AB34981FBEB49152E1B62440E9EBB6.d.A4C15D4502D373FC240B45C77992857D.e.99"
}
[1720089427.950][INFO]: Waiting for pending navigations...
[1720089427.951][INFO]: Done waiting for pending navigations. Status: ok
[1720089428.088][INFO]: Waiting for pending navigations...
[1720089428.187][INFO]: Done waiting for pending navigations. Status: ok
[1720089428.187][INFO]: [f2c36403422b0f8614a239375320f96c] RESPONSE ClickElement
[1720089430.201][INFO]: [f2c36403422b0f8614a239375320f96c] COMMAND FindElement {
   "using": "xpath",
   "value": "//textarea[@rows='3']"
}
[1720089430.201][INFO]: Waiting for pending navigations...
[1720089430.202][INFO]: Done waiting for pending navigations. Status: ok
[1720089430.219][INFO]: Waiting for pending navigations...
[1720089430.220][INFO]: Done waiting for pending navigations. Status: ok
[1720089430.220][INFO]: [f2c36403422b0f8614a239375320f96c] RESPONSE FindElement {
   "element-6066-11e4-a52e-4f735466cecf": "f.37AB34981FBEB49152E1B62440E9EBB6.d.A4C15D4502D373FC240B45C77992857D.e.108"
}
[1720089430.223][INFO]: [f2c36403422b0f8614a239375320f96c] COMMAND ClearElement {
   "id": "f.37AB34981FBEB49152E1B62440E9EBB6.d.A4C15D4502D373FC240B45C77992857D.e.108"
}
[1720089430.223][INFO]: Waiting for pending navigations...
[1720089430.224][INFO]: Done waiting for pending navigations. Status: ok
[1720089430.240][INFO]: 
	=== NOTE: ===
	The Clear command in ChromeDriver 2.43 and above
	has been updated to conform to the current standard,
	including raising blur event after clearing.

[1720089430.261][INFO]: Waiting for pending navigations...
[1720089430.264][INFO]: Done waiting for pending navigations. Status: ok
[1720089430.264][INFO]: [f2c36403422b0f8614a239375320f96c] RESPONSE ClearElement
[1720089430.272][INFO]: [f2c36403422b0f8614a239375320f96c] COMMAND TypeElement {
   "id": "f.37AB34981FBEB49152E1B62440E9EBB6.d.A4C15D4502D373FC240B45C77992857D.e.108",
   "text": "Crio INTV Task Automation is a test suite designed for automating various tasks on the Google Calendar web application",
   "value": [ "C", "r", "i", "o", " ", "I", "N", "T", "V", " ", "T", "a", "s", "k", " ", "A", "u", "t", "o", "m", "a", "t", "i", "o", "n", " ", "i", "s", " ", "a", " ", "t", "e", "s", "t", " ", "s", "u", "i", "t", "e", " ", "d", "e", "s", "i", "g", "n", "e", "d", " ", "f", "o", "r", " ", "a", "u", "t", "o", "m", "a", "t", "i", "n", "g", " ", "v", "a", "r", "i", "o", "u", "s", " ", "t", "a", "s", "k", "s", " ", "o", "n", " ", "t", "h", "e", " ", "G", "o", "o", "g", "l", "e", " ", "C", "a", "l", "e", "n", "d", "a", "r", " ", "w", "e", "b", " ", "a", "p", "p", "l", "i", "c", "a", "t", "i", "o", "n" ]
}
[1720089430.272][INFO]: Waiting for pending navigations...
[1720089430.272][INFO]: Done waiting for pending navigations. Status: ok
[1720089431.046][INFO]: Waiting for pending navigations...
[1720089431.079][INFO]: Done waiting for pending navigations. Status: ok
[1720089431.079][INFO]: [f2c36403422b0f8614a239375320f96c] RESPONSE TypeElement
[1720089431.085][INFO]: [f2c36403422b0f8614a239375320f96c] COMMAND FindElement {
   "using": "xpath",
   "value": "//button[@jsname='x8hlje']"
}
[1720089431.085][INFO]: Waiting for pending navigations...
[1720089431.090][INFO]: Done waiting for pending navigations. Status: ok
[1720089431.097][INFO]: Waiting for pending navigations...
[1720089431.097][INFO]: Done waiting for pending navigations. Status: ok
[1720089431.098][INFO]: [f2c36403422b0f8614a239375320f96c] RESPONSE FindElement {
   "element-6066-11e4-a52e-4f735466cecf": "f.37AB34981FBEB49152E1B62440E9EBB6.d.A4C15D4502D373FC240B45C77992857D.e.113"
}
[1720089431.101][INFO]: [f2c36403422b0f8614a239375320f96c] COMMAND ClickElement {
   "id": "f.37AB34981FBEB49152E1B62440E9EBB6.d.A4C15D4502D373FC240B45C77992857D.e.113"
}
[1720089431.101][INFO]: Waiting for pending navigations...
[1720089431.102][INFO]: Done waiting for pending navigations. Status: ok
[1720089431.168][INFO]: Waiting for pending navigations...
[1720089431.169][INFO]: Done waiting for pending navigations. Status: ok
[1720089431.169][INFO]: [f2c36403422b0f8614a239375320f96c] RESPONSE ClickElement
[1720089434.181][INFO]: [f2c36403422b0f8614a239375320f96c] COMMAND ClickElement {
   "id": "f.37AB34981FBEB49152E1B62440E9EBB6.d.A4C15D4502D373FC240B45C77992857D.e.89"
}
[1720089434.181][INFO]: Waiting for pending navigations...
[1720089434.183][INFO]: Done waiting for pending navigations. Status: ok
[1720089434.280][INFO]: Waiting for pending navigations...
[1720089434.315][INFO]: Done waiting for pending navigations. Status: ok
[1720089434.315][INFO]: [f2c36403422b0f8614a239375320f96c] RESPONSE ClickElement
[1720089434.322][INFO]: [f2c36403422b0f8614a239375320f96c] COMMAND FindElement {
   "using": "xpath",
   "value": "//div[@id='xDetDlgDesc']"
}
[1720089434.322][INFO]: Waiting for pending navigations...
[1720089434.323][INFO]: Done waiting for pending navigations. Status: ok
[1720089434.341][INFO]: Waiting for pending navigations...
[1720089434.342][INFO]: Done waiting for pending navigations. Status: ok
[1720089434.342][INFO]: [f2c36403422b0f8614a239375320f96c] RESPONSE FindElement {
   "element-6066-11e4-a52e-4f735466cecf": "f.37AB34981FBEB49152E1B62440E9EBB6.d.A4C15D4502D373FC240B45C77992857D.e.115"
}
[1720089434.347][INFO]: [f2c36403422b0f8614a239375320f96c] COMMAND GetElementText {
   "id": "f.37AB34981FBEB49152E1B62440E9EBB6.d.A4C15D4502D373FC240B45C77992857D.e.115"
}
[1720089434.347][INFO]: Waiting for pending navigations...
[1720089434.348][INFO]: Done waiting for pending navigations. Status: ok
[1720089434.369][INFO]: Waiting for pending navigations...
[1720089434.371][INFO]: Done waiting for pending navigations. Status: ok
[1720089434.371][INFO]: [f2c36403422b0f8614a239375320f96c] RESPONSE GetElementText "Description:\nCrio INTV Task Automation is a test suite designed for automating various tasks on the Google Calendar web application"
[1720089434.375][INFO]: [f2c36403422b0f8614a239375320f96c] COMMAND FindElement {
   "using": "xpath",
   "value": "//button[@id='xDetDlgCloseBu']"
}
[1720089434.376][INFO]: Waiting for pending navigations...
[1720089434.377][INFO]: Done waiting for pending navigations. Status: ok
[1720089434.390][INFO]: Waiting for pending navigations...
[1720089434.391][INFO]: Done waiting for pending navigations. Status: ok
[1720089434.391][INFO]: [f2c36403422b0f8614a239375320f96c] RESPONSE FindElement {
   "element-6066-11e4-a52e-4f735466cecf": "f.37AB34981FBEB49152E1B62440E9EBB6.d.A4C15D4502D373FC240B45C77992857D.e.116"
}
[1720089434.395][INFO]: [f2c36403422b0f8614a239375320f96c] COMMAND ClickElement {
   "id": "f.37AB34981FBEB49152E1B62440E9EBB6.d.A4C15D4502D373FC240B45C77992857D.e.116"
}
[1720089434.395][INFO]: Waiting for pending navigations...
[1720089434.397][INFO]: Done waiting for pending navigations. Status: ok
[1720089434.488][INFO]: Waiting for pending navigations...
[1720089434.539][INFO]: Done waiting for pending navigations. Status: ok
[1720089434.539][INFO]: [f2c36403422b0f8614a239375320f96c] RESPONSE ClickElement
[1720089434.548][INFO]: [f2c36403422b0f8614a239375320f96c] COMMAND Navigate {
   "url": "https://calendar.google.com/"
}
[1720089434.548][INFO]: Waiting for pending navigations...
[1720089434.556][INFO]: Done waiting for pending navigations. Status: ok
[1720089435.218][INFO]: Waiting for pending navigations...
[1720089438.305][INFO]: Done waiting for pending navigations. Status: ok
[1720089438.305][INFO]: [f2c36403422b0f8614a239375320f96c] RESPONSE Navigate
[1720089441.314][INFO]: [f2c36403422b0f8614a239375320f96c] COMMAND FindElement {
   "using": "xpath",
   "value": "(//div[@class='qLWd9c'])[5]"
}
[1720089441.314][INFO]: Waiting for pending navigations...
[1720089441.315][INFO]: Done waiting for pending navigations. Status: ok
[1720089441.324][INFO]: Waiting for pending navigations...
[1720089441.325][INFO]: Done waiting for pending navigations. Status: ok
[1720089441.325][INFO]: [f2c36403422b0f8614a239375320f96c] RESPONSE FindElement {
   "element-6066-11e4-a52e-4f735466cecf": "f.37AB34981FBEB49152E1B62440E9EBB6.d.F7B1EF03E18CDB65F0D1281CAADBF260.e.144"
}
[1720089441.329][INFO]: [f2c36403422b0f8614a239375320f96c] COMMAND ClickElement {
   "id": "f.37AB34981FBEB49152E1B62440E9EBB6.d.F7B1EF03E18CDB65F0D1281CAADBF260.e.144"
}
[1720089441.329][INFO]: Waiting for pending navigations...
[1720089441.330][INFO]: Done waiting for pending navigations. Status: ok
[1720089441.415][INFO]: Waiting for pending navigations...
[1720089441.482][INFO]: Done waiting for pending navigations. Status: ok
[1720089441.488][INFO]: [f2c36403422b0f8614a239375320f96c] RESPONSE ClickElement
[1720089444.511][INFO]: [f2c36403422b0f8614a239375320f96c] COMMAND FindElement {
   "using": "xpath",
   "value": "//span[@id='rAECCd']"
}
[1720089444.511][INFO]: Waiting for pending navigations...
[1720089444.512][INFO]: Done waiting for pending navigations. Status: ok
[1720089444.524][INFO]: Waiting for pending navigations...
[1720089444.525][INFO]: Done waiting for pending navigations. Status: ok
[1720089444.525][INFO]: [f2c36403422b0f8614a239375320f96c] RESPONSE FindElement {
   "element-6066-11e4-a52e-4f735466cecf": "f.37AB34981FBEB49152E1B62440E9EBB6.d.F7B1EF03E18CDB65F0D1281CAADBF260.e.151"
}
[1720089444.527][INFO]: [f2c36403422b0f8614a239375320f96c] COMMAND GetElementText {
   "id": "f.37AB34981FBEB49152E1B62440E9EBB6.d.F7B1EF03E18CDB65F0D1281CAADBF260.e.151"
}
[1720089444.527][INFO]: Waiting for pending navigations...
[1720089444.528][INFO]: Done waiting for pending navigations. Status: ok
[1720089444.536][INFO]: Waiting for pending navigations...
[1720089444.537][INFO]: Done waiting for pending navigations. Status: ok
[1720089444.537][INFO]: [f2c36403422b0f8614a239375320f96c] RESPONSE GetElementText "Crio INTV Task Automation"
[1720089444.540][INFO]: [f2c36403422b0f8614a239375320f96c] COMMAND FindElement {
   "using": "xpath",
   "value": "//div[@jsaction='JIbuQc:qAGoT']"
}
[1720089444.540][INFO]: Waiting for pending navigations...
[1720089444.541][INFO]: Done waiting for pending navigations. Status: ok
[1720089444.551][INFO]: Waiting for pending navigations...
[1720089444.552][INFO]: Done waiting for pending navigations. Status: ok
[1720089444.552][INFO]: [f2c36403422b0f8614a239375320f96c] RESPONSE FindElement {
   "element-6066-11e4-a52e-4f735466cecf": "f.37AB34981FBEB49152E1B62440E9EBB6.d.F7B1EF03E18CDB65F0D1281CAADBF260.e.152"
}
[1720089444.555][INFO]: [f2c36403422b0f8614a239375320f96c] COMMAND ClickElement {
   "id": "f.37AB34981FBEB49152E1B62440E9EBB6.d.F7B1EF03E18CDB65F0D1281CAADBF260.e.152"
}
[1720089444.555][INFO]: Waiting for pending navigations...
[1720089444.556][INFO]: Done waiting for pending navigations. Status: ok
[1720089444.721][INFO]: Waiting for pending navigations...
[1720089444.722][INFO]: Done waiting for pending navigations. Status: ok
[1720089444.723][INFO]: [f2c36403422b0f8614a239375320f96c] RESPONSE ClickElement
[1720089448.734][INFO]: [f2c36403422b0f8614a239375320f96c] COMMAND FindElement {
   "using": "xpath",
   "value": "//div[contains(text(),'Task deleted')]"
}
[1720089448.735][INFO]: Waiting for pending navigations...
[1720089448.736][INFO]: Done waiting for pending navigations. Status: ok
[1720089448.753][INFO]: Waiting for pending navigations...
[1720089448.754][INFO]: Done waiting for pending navigations. Status: ok
[1720089448.754][INFO]: [f2c36403422b0f8614a239375320f96c] RESPONSE FindElement {
   "element-6066-11e4-a52e-4f735466cecf": "f.37AB34981FBEB49152E1B62440E9EBB6.d.F7B1EF03E18CDB65F0D1281CAADBF260.e.154"
}
[1720089448.756][INFO]: [f2c36403422b0f8614a239375320f96c] COMMAND GetElementText {
   "id": "f.37AB34981FBEB49152E1B62440E9EBB6.d.F7B1EF03E18CDB65F0D1281CAADBF260.e.154"
}
[1720089448.756][INFO]: Waiting for pending navigations...
[1720089448.757][INFO]: Done waiting for pending navigations. Status: ok
[1720089448.764][INFO]: Waiting for pending navigations...
[1720089448.765][INFO]: Done waiting for pending navigations. Status: ok
[1720089448.765][INFO]: [f2c36403422b0f8614a239375320f96c] RESPONSE GetElementText "Task deleted"
[1720089448.768][INFO]: [f2c36403422b0f8614a239375320f96c] COMMAND CloseWindow {
}
[1720089448.920][INFO]: [f2c36403422b0f8614a239375320f96c] RESPONSE CloseWindow [ "2241C2F481DF294EE9CB719AA183CA8D" ]
[1720089448.949][INFO]: [f2c36403422b0f8614a239375320f96c] COMMAND Quit {
}
[1720089448.949][INFO]: [f2c36403422b0f8614a239375320f96c] RESPONSE Quit
